<?xml version="1.0" encoding="UTF-8"?>
<testsuite xmlns:xsi="http://www.w3.org/2001/XMLSchema-instance" xsi:noNamespaceSchemaLocation="https://maven.apache.org/surefire/maven-surefire-plugin/xsd/surefire-test-report.xsd" name="Run.CucumberRunner" time="14.161" tests="5" errors="0" skipped="4" failures="0">
  <properties>
[...]
</properties>
  <testcase name="Given I launch the website" classname="Scenario: Broken images check" time="0">
    <skipped/>
    <system-out><![CDATA[@run
Feature: 
]]></system-out>
    <system-err><![CDATA[Starting ChromeDriver 74.0.3729.6 (255758eccf3d244491b8a1317aa76e1ce10d57e9-refs/branch-heads/3729@{#29}) on port 45948
Only local connections are allowed.
Please protect ports used by ChromeDriver and related test frameworks to prevent access by malicious code.
[1564063935.604][WARNING]: This version of ChromeDriver has not been tested with Chrome version 75.
Jul 25, 2019 4:12:18 PM org.openqa.selenium.remote.ProtocolHandshake createSession
INFO: Detected dialect: OSS
]]></system-err>
  </testcase>
  <testcase name="When I see the images" classname="Scenario: Broken images check" time="0">
    <skipped/>
  </testcase>
  <testcase name="Then I can evaluate the broken images" classname="Scenario: Broken images check" time="0">
    <skipped/>
  </testcase>
  <testcase name="Scenario: Broken images check" classname="Scenario: Broken images check" time="0">
    <skipped/>
  </testcase>
  <testcase name="Scenario: Broken images check" classname="Scenario: Broken images check" time="13.566"/>
</testsuite>